<?xml version="1.0" encoding="UTF-8"?>
<testng-results skipped="0" failed="0" ignored="0" total="1" passed="1">
  <reporter-output>
  </reporter-output>
  <suite name="Default suite" duration-ms="54804" started-at="2019-12-11T10:13:18Z" finished-at="2019-12-11T10:14:13Z">
    <groups>
    </groups>
    <test name="Default test" duration-ms="54804" started-at="2019-12-11T10:13:18Z" finished-at="2019-12-11T10:14:13Z">
      <class name="com.demo.excel.WriteDateToExcelPOI">
        <test-method status="PASS" signature="start()[pri:0, instance:com.demo.excel.WriteDateToExcelPOI@57baeedf]" name="start" is-config="true" duration-ms="36738" started-at="2019-12-11T10:13:18Z" finished-at="2019-12-11T10:13:55Z">
          <reporter-output>
          </reporter-output>
        </test-method> <!-- start -->
        <test-method status="PASS" signature="Register()[pri:0, instance:com.demo.excel.WriteDateToExcelPOI@57baeedf]" name="Register" duration-ms="17998" started-at="2019-12-11T10:13:55Z" finished-at="2019-12-11T10:14:13Z">
          <reporter-output>
          </reporter-output>
        </test-method> <!-- Register -->
      </class> <!-- com.demo.excel.WriteDateToExcelPOI -->
    </test> <!-- Default test -->
  </suite> <!-- Default suite -->
</testng-results>
